[debug] [2026-07-02T02:23:34.136Z] ----------------------------------------------------------------------
[debug] [2026-07-02T02:23:34.139Z] Command:       /home/zenmi/.local/share/mise/installs/node/26.2.0/bin/node /home/zenmi/.cache/.bun/bin/firebase init
[debug] [2026-07-02T02:23:34.140Z] CLI Version:   15.19.0
[debug] [2026-07-02T02:23:34.140Z] Platform:      linux
[debug] [2026-07-02T02:23:34.140Z] Node Version:  v26.2.0
[debug] [2026-07-02T02:23:34.140Z] Time:          Thu Jul 02 2026 03:23:34 GMT+0100 (West Africa Time)
[debug] [2026-07-02T02:23:34.140Z] ----------------------------------------------------------------------
[debug] 
[debug] [2026-07-02T02:23:34.144Z] >>> [apiv2][query] GET https://firebase-public.firebaseio.com/cli.json [none]
[info] 
     ######## #### ########  ######## ########     ###     ######  ########
     ##        ##  ##     ## ##       ##     ##  ##   ##  ##       ##
     ######    ##  ########  ######   ########  #########  ######  ######
     ##        ##  ##    ##  ##       ##     ## ##     ##       ## ##
     ##       #### ##     ## ######## ########  ##     ##  ######  ########

You're about to initialize a Firebase project in this directory:

  /home/zenmi/Projects/vendormind

[debug] [2026-07-02T02:23:42.274Z] <<< [apiv2][status] GET https://firebase-public.firebaseio.com/cli.json 200
[debug] [2026-07-02T02:23:42.274Z] <<< [apiv2][body] GET https://firebase-public.firebaseio.com/cli.json {"cloudBuildErrorAfter":1594252800000,"cloudBuildWarnAfter":1590019200000,"defaultNode10After":1594252800000,"minVersion":"3.0.5","node8DeploysDisabledAfter":1613390400000,"node8RuntimeDisabledAfter":1615809600000,"node8WarnAfter":1600128000000}
[info] 
=== Project Setup
[info] 
[info] First, let's associate this project directory with a Firebase project.
[info] You can create multiple project aliases by running firebase use --add, 
[info] 
[debug] [2026-07-02T02:23:51.158Z] > command requires scopes: ["email","openid","https://www.googleapis.com/auth/cloudplatformprojects.readonly","https://www.googleapis.com/auth/firebase","https://www.googleapis.com/auth/cloud-platform"]
[debug] [2026-07-02T02:23:51.159Z] > authorizing via signed-in user (ireakindavid@gmail.com)
[debug] [2026-07-02T02:23:51.160Z] Checked if tokens are valid: false, expires at: 1782954032230
[debug] [2026-07-02T02:23:51.160Z] Checked if tokens are valid: false, expires at: 1782954032230
[debug] [2026-07-02T02:23:51.161Z] > refreshing access token with scopes: []
[debug] [2026-07-02T02:23:51.163Z] >>> [apiv2][query] POST https://www.googleapis.com/oauth2/v3/token [none]
[debug] [2026-07-02T02:23:51.163Z] >>> [apiv2][body] POST https://www.googleapis.com/oauth2/v3/token [omitted]
[debug] [2026-07-02T02:23:51.582Z] <<< [apiv2][status] POST https://www.googleapis.com/oauth2/v3/token 200
[debug] [2026-07-02T02:23:51.582Z] <<< [apiv2][body] POST https://www.googleapis.com/oauth2/v3/token [omitted]
[debug] [2026-07-02T02:23:51.611Z] >>> [apiv2][query] GET https://firebase.googleapis.com/v1beta1/projects pageSize=100
[debug] [2026-07-02T02:23:52.440Z] <<< [apiv2][status] GET https://firebase.googleapis.com/v1beta1/projects 200
[debug] [2026-07-02T02:23:52.440Z] <<< [apiv2][body] GET https://firebase.googleapis.com/v1beta1/projects [omitted]
[info] 
=== Hosting Setup
[debug] [2026-07-02T02:24:12.887Z] Error: Cannot find module 'vite'
Require stack:
- /home/zenmi/.cache/.bun/install/global/node_modules/firebase-tools/lib/frameworks/utils.js
- /home/zenmi/.cache/.bun/install/global/node_modules/firebase-tools/lib/frameworks/index.js
- /home/zenmi/.cache/.bun/install/global/node_modules/firebase-tools/lib/init/features/hosting/index.js
- /home/zenmi/.cache/.bun/install/global/node_modules/firebase-tools/lib/init/features/index.js
- /home/zenmi/.cache/.bun/install/global/node_modules/firebase-tools/lib/init/index.js
- /home/zenmi/.cache/.bun/install/global/node_modules/firebase-tools/lib/commands/init.js
- /home/zenmi/.cache/.bun/install/global/node_modules/firebase-tools/lib/commands/index.js
- /home/zenmi/.cache/.bun/install/global/node_modules/firebase-tools/lib/index.js
- /home/zenmi/.cache/.bun/install/global/node_modules/firebase-tools/lib/bin/cli.js
- /home/zenmi/.cache/.bun/install/global/node_modules/firebase-tools/lib/bin/firebase.js
    at Module._resolveFilename (node:internal/modules/cjs/loader:1519:15)
    at wrapResolveFilename (node:internal/modules/cjs/loader:1073:27)
    at resolveForCJSWithHooks (node:internal/modules/cjs/loader:1124:12)
    at require.resolve (node:internal/modules/helpers:209:31)
    at relativeRequire (/home/zenmi/.cache/.bun/install/global/node_modules/firebase-tools/lib/frameworks/utils.js:210:34)
    at getConfig (/home/zenmi/.cache/.bun/install/global/node_modules/firebase-tools/lib/frameworks/vite/index.js:112:65)
    at discover (/home/zenmi/.cache/.bun/install/global/node_modules/firebase-tools/lib/frameworks/vite/index.js:65:68)
    at async /home/zenmi/.cache/.bun/install/global/node_modules/firebase-tools/lib/frameworks/vite/index.js:44:55
    at async discover (/home/zenmi/.cache/.bun/install/global/node_modules/firebase-tools/lib/frameworks/index.js:50:32)
    at async Object.askQuestions (/home/zenmi/.cache/.bun/install/global/node_modules/firebase-tools/lib/init/features/hosting/index.js:23:33)
[error] 
[error] Error: An unexpected error has occurred.
