[debug] [2026-07-07T05:02:25.154Z] ----------------------------------------------------------------------
[debug] [2026-07-07T05:02:25.162Z] Command:       /home/zenmi/.local/share/mise/installs/node/26.2.0/bin/node /home/zenmi/.cache/.bun/bin/firebase deploy --only hosting
[debug] [2026-07-07T05:02:25.162Z] CLI Version:   15.19.0
[debug] [2026-07-07T05:02:25.163Z] Platform:      linux
[debug] [2026-07-07T05:02:25.163Z] Node Version:  v26.2.0
[debug] [2026-07-07T05:02:25.163Z] Time:          Tue Jul 07 2026 06:02:25 GMT+0100 (West Africa Time)
[debug] [2026-07-07T05:02:25.164Z] ----------------------------------------------------------------------
[debug] 
[debug] [2026-07-07T05:02:29.802Z] > command requires scopes: ["email","openid","https://www.googleapis.com/auth/cloudplatformprojects.readonly","https://www.googleapis.com/auth/firebase","https://www.googleapis.com/auth/cloud-platform"]
[debug] [2026-07-07T05:02:29.803Z] > authorizing via signed-in user (ireakindavid@gmail.com)
[debug] [2026-07-07T05:02:29.803Z] [iam] checking project vendormind-z for permissions ["firebase.projects.get","firebasehosting.sites.update"]
[debug] [2026-07-07T05:02:29.810Z] Checked if tokens are valid: false, expires at: 1783400236815
[debug] [2026-07-07T05:02:29.810Z] Checked if tokens are valid: false, expires at: 1783400236815
[debug] [2026-07-07T05:02:29.811Z] > refreshing access token with scopes: []
[debug] [2026-07-07T05:02:29.817Z] >>> [apiv2][query] POST https://www.googleapis.com/oauth2/v3/token [none]
[debug] [2026-07-07T05:02:29.817Z] >>> [apiv2][body] POST https://www.googleapis.com/oauth2/v3/token [omitted]
[debug] [2026-07-07T05:02:30.408Z] <<< [apiv2][status] POST https://www.googleapis.com/oauth2/v3/token 200
[debug] [2026-07-07T05:02:30.409Z] <<< [apiv2][body] POST https://www.googleapis.com/oauth2/v3/token [omitted]
[debug] [2026-07-07T05:02:30.485Z] >>> [apiv2][query] POST https://cloudresourcemanager.googleapis.com/v1/projects/vendormind-z:testIamPermissions [none]
[debug] [2026-07-07T05:02:30.486Z] >>> [apiv2][(partial)header] POST https://cloudresourcemanager.googleapis.com/v1/projects/vendormind-z:testIamPermissions  x-goog-user-project=vendormind-z
[debug] [2026-07-07T05:02:30.487Z] >>> [apiv2][body] POST https://cloudresourcemanager.googleapis.com/v1/projects/vendormind-z:testIamPermissions {"permissions":["firebase.projects.get","firebasehosting.sites.update"]}
[debug] [2026-07-07T05:02:31.881Z] <<< [apiv2][status] POST https://cloudresourcemanager.googleapis.com/v1/projects/vendormind-z:testIamPermissions 200
[debug] [2026-07-07T05:02:31.884Z] <<< [apiv2][body] POST https://cloudresourcemanager.googleapis.com/v1/projects/vendormind-z:testIamPermissions {"permissions":["firebase.projects.get","firebasehosting.sites.update"]}
[debug] [2026-07-07T05:02:31.892Z] Checked if tokens are valid: true, expires at: 1783404149410
[debug] [2026-07-07T05:02:31.893Z] Checked if tokens are valid: true, expires at: 1783404149410
[debug] [2026-07-07T05:02:31.894Z] >>> [apiv2][query] GET https://firebase.googleapis.com/v1beta1/projects/vendormind-z [none]
[debug] [2026-07-07T05:02:32.561Z] <<< [apiv2][status] GET https://firebase.googleapis.com/v1beta1/projects/vendormind-z 200
[debug] [2026-07-07T05:02:32.561Z] <<< [apiv2][body] GET https://firebase.googleapis.com/v1beta1/projects/vendormind-z {"projectId":"vendormind-z","projectNumber":"202819225446","displayName":"Vendormind","name":"projects/vendormind-z","resources":{"hostingSite":"vendormind-z"},"state":"ACTIVE","labels":{"firebase":"enabled"},"etag":"1_e7bc720c-33ab-44ff-99d9-b59313ecfb54"}
[info] 
[info] === Deploying to 'vendormind-z'...
[info] 
[info] i  deploying hosting 
[debug] [2026-07-07T05:02:32.590Z] Checked if tokens are valid: true, expires at: 1783404149410
[debug] [2026-07-07T05:02:32.590Z] Checked if tokens are valid: true, expires at: 1783404149410
[debug] [2026-07-07T05:02:32.600Z] >>> [apiv2][query] GET https://firebasehosting.googleapis.com/v1beta1/projects/vendormind-z/sites/vendormind-z [none]
[debug] [2026-07-07T05:02:34.508Z] <<< [apiv2][status] GET https://firebasehosting.googleapis.com/v1beta1/projects/vendormind-z/sites/vendormind-z 200
[debug] [2026-07-07T05:02:34.508Z] <<< [apiv2][body] GET https://firebasehosting.googleapis.com/v1beta1/projects/vendormind-z/sites/vendormind-z {"name":"projects/vendormind-z/sites/vendormind-z","defaultUrl":"https://vendormind-z.web.app","appId":"1:202819225446:web:5d5c97f206aa2dea00eaa7","type":"DEFAULT_SITE"}
[debug] [2026-07-07T05:02:34.509Z] Checked if tokens are valid: true, expires at: 1783404149410
[debug] [2026-07-07T05:02:34.509Z] Checked if tokens are valid: true, expires at: 1783404149410
[debug] [2026-07-07T05:02:34.509Z] >>> [apiv2][query] POST https://firebasehosting.googleapis.com/v1beta1/projects/-/sites/vendormind-z/versions [none]
[debug] [2026-07-07T05:02:34.510Z] >>> [apiv2][body] POST https://firebasehosting.googleapis.com/v1beta1/projects/-/sites/vendormind-z/versions {"status":"CREATED","labels":{"deployment-tool":"cli-firebase"}}
[debug] [2026-07-07T05:02:36.850Z] <<< [apiv2][status] POST https://firebasehosting.googleapis.com/v1beta1/projects/-/sites/vendormind-z/versions 200
[debug] [2026-07-07T05:02:36.850Z] <<< [apiv2][body] POST https://firebasehosting.googleapis.com/v1beta1/projects/-/sites/vendormind-z/versions {"name":"projects/202819225446/sites/vendormind-z/versions/a26e995127f31740","status":"CREATED","config":{},"labels":{"deployment-tool":"cli-firebase"}}
[info] i  hosting[vendormind-z]: beginning deploy... 
[info] i  hosting[vendormind-z]: found 15 files in dist 
[debug] [2026-07-07T05:02:36.876Z] [hosting] uploading with 200 concurrency
